<?xml version="1.0" encoding="UTF-8"?>
<!-- Generated by org.testng.reporters.JUnitXMLReporter -->
<testsuite hostname="DESKTOP-3VKN95T" ignored="0" name="Test" tests="1" failures="0" timestamp="2021-05-05T10:32:11 IST" time="0.042" errors="0">
  <testcase name="@BeforeClass setUp" time="-1.620190931734E9" classname="com.qa.testscript.TestBase">
    <failure type="org.testng.TestNGException" message="
Method setUp requires 1 parameters but 2 were supplied in the BeforeClass annotation.">
      <![CDATA[org.testng.TestNGException: 
Method setUp requires 1 parameters but 2 were supplied in the BeforeClass annotation.
at java.util.ArrayList.forEach(ArrayList.java:1259)
... Removed 22 stack frames]]>
    </failure>
  </testcase> <!-- @BeforeClass setUp -->
  <testcase name="@AfterClass tearDown" time="-1.620190931758E9" classname="com.qa.testscript.TestBase">
    <skipped/>
  </testcase> <!-- @AfterClass tearDown -->
  <testcase name="BusMultipleWindow" time="0.0" classname="com.qa.makemytrip.BusTestNG">
    <skipped/>
  </testcase> <!-- BusMultipleWindow -->
</testsuite> <!-- Test -->
